<?xml version="1.0" encoding="UTF-8"?>
<!-- Generated by org.testng.reporters.JUnitXMLReporter -->
<testsuite ignored="2" hostname="LAPTOP-BFL3PLL7" failures="0" tests="2" name="Test" time="0.065" errors="0" timestamp="2023-11-30T10:02:32 IST">
  <testcase classname="sdet52.ArpanClass1" name="arpan1" time="0.01"/>
  <testcase classname="sdet52.ArpanClass2" name="arpan3" time="0.001"/>
  <testcase classname="sdet52.ArpanClass1" name="arpan2" time="0.0">
    <ignored/>
  </testcase> <!-- arpan2 -->
  <testcase classname="sdet52.ArpanClass2" name="arpan4" time="0.0">
    <ignored/>
  </testcase> <!-- arpan4 -->
</testsuite> <!-- Test -->
