<?xml version="1.0" encoding="UTF-8"?>
<testng-results ignored="0" total="2" passed="2" failed="0" skipped="0">
  <reporter-output>
  </reporter-output>
  <suite started-at="2023-11-30T10:02:32 IST" name="Suite" finished-at="2023-11-30T10:02:32 IST" duration-ms="65">
    <groups>
      <group name="smoke">
        <method signature="ArpanClass1.arpan1()[pri:0, instance:sdet52.ArpanClass1@131774fe]" name="arpan1" class="sdet52.ArpanClass1"/>
        <method signature="ArpanClass2.arpan3()[pri:0, instance:sdet52.ArpanClass2@4550bb58]" name="arpan3" class="sdet52.ArpanClass2"/>
      </group> <!-- smoke -->
    </groups>
    <test started-at="2023-11-30T10:02:32 IST" name="Test" finished-at="2023-11-30T10:02:32 IST" duration-ms="65">
      <class name="sdet52.ArpanClass2">
        <test-method signature="arpan3()[pri:0, instance:sdet52.ArpanClass2@4550bb58]" started-at="2023-11-30T10:02:32 IST" name="arpan3" finished-at="2023-11-30T10:02:32 IST" duration-ms="1" status="PASS">
          <reporter-output>
          </reporter-output>
        </test-method> <!-- arpan3 -->
      </class> <!-- sdet52.ArpanClass2 -->
      <class name="sdet52.ArpanClass1">
        <test-method signature="arpan1()[pri:0, instance:sdet52.ArpanClass1@131774fe]" started-at="2023-11-30T10:02:32 IST" name="arpan1" finished-at="2023-11-30T10:02:32 IST" duration-ms="10" status="PASS">
          <reporter-output>
          </reporter-output>
        </test-method> <!-- arpan1 -->
      </class> <!-- sdet52.ArpanClass1 -->
    </test> <!-- Test -->
  </suite> <!-- Suite -->
</testng-results>
