<?xml version="1.0" encoding="UTF-8"?>
<testng-results ignored="0" total="1" passed="1" failed="0" skipped="0">
  <reporter-output>
  </reporter-output>
  <suite started-at="2023-11-30T12:45:07 IST" name="Default suite" finished-at="2023-11-30T12:50:28 IST" duration-ms="320977">
    <groups>
    </groups>
    <test started-at="2023-11-30T12:45:07 IST" name="Default test" finished-at="2023-11-30T12:50:28 IST" duration-ms="320977">
      <class name="SecondPackage.BrowserLaunchTest">
        <test-method signature="m1Test()[pri:0, instance:SecondPackage.BrowserLaunchTest@223d2c72]" started-at="2023-11-30T12:45:07 IST" name="m1Test" finished-at="2023-11-30T12:50:28 IST" duration-ms="320947" status="PASS">
          <reporter-output>
          </reporter-output>
        </test-method> <!-- m1Test -->
      </class> <!-- SecondPackage.BrowserLaunchTest -->
    </test> <!-- Default test -->
  </suite> <!-- Default suite -->
</testng-results>
